	Device Enabled (139):	1
	Coordinate Transformation Matrix (141):	1.000000, 0.000000, 0.000000, 0.000000, 1.000000, 0.000000, 0.000000, 0.000000, 1.000000
	Device Accel Profile (263):	2
	Device Accel Constant Deceleration (264):	3.000000
	Device Accel Adaptive Deceleration (265):	15.000000
	Device Accel Velocity Scaling (266):	0.500000
	Synaptics Edges (267):	1545, 5395, 1403, 4451
	Synaptics Finger (268):	25, 30, 0
	Synaptics Tap Time (269):	180
	Synaptics Tap Move (270):	251
	Synaptics Tap Durations (271):	110, 100, 110
	Synaptics ClickPad (272):	0
	Synaptics Middle Button Timeout (273):	0
	Synaptics Two-Finger Pressure (274):	282
	Synaptics Two-Finger Width (275):	7
	Synaptics Scrolling Distance (276):	214, 214
	Synaptics Edge Scrolling (277):	0, 0, 0
	Synaptics Two-Finger Scrolling (278):	1, 1
	Synaptics Move Speed (279):	0.100000, 0.500000, 1.000000, 1.000000
	Synaptics Locked Drags (281):	1
	Synaptics Locked Drags Timeout (282):	5000
	Synaptics Tap Action (283):	0, 0, 0, 0, 1, 3, 2
	Synaptics Click Action (284):	0, 0, 0
	Synaptics Circular Scrolling (285):	0
	Synaptics Circular Scrolling Distance (286):	0.100000
	Synaptics Circular Scrolling Trigger (287):	0
	Synaptics Circular Pad (288):	0
	Synaptics Palm Detection (289):	1
	Synaptics Palm Dimensions (290):	10, 60
	Synaptics Coasting Speed (291):	10.000000, 60.000000
	Synaptics Pressure Motion (292):	30, 160
	Synaptics Pressure Motion Factor (293):	1.000000, 1.000000
	Synaptics Resolution Detect (294):	1
	Synaptics Grab Event Device (295):	0
	Synaptics Gestures (296):	1
	Synaptics Area (299):	0, 0, 1800, 0
